<?xml version="1.0" encoding="UTF-8"?>
<!-- Generated by org.testng.reporters.JUnitXMLReporter -->
<testsuite ignored="0" hostname="MSI" failures="0" tests="5" name="CreatedWork_Testcase_2" time="0.183" errors="0" timestamp="2023-05-23T20:43:41 ICT">
  <testcase classname="com.api.auto.testcase_cach_2.TC_API_CreatedWork" name="TC01_Validate201Created" time="0.001"/>
  <testcase classname="com.api.auto.testcase_cach_2.TC_API_CreatedWork" name="TC02_ValidateId" time="0.001"/>
  <testcase classname="com.api.auto.testcase_cach_2.TC_API_CreatedWork" name="TC03_ValidateNameWork" time="0.015"/>
  <testcase classname="com.api.auto.testcase_cach_2.TC_API_CreatedWork" name="TC04_ValidateExperience" time="0.015"/>
  <testcase classname="com.api.auto.testcase_cach_2.TC_API_CreatedWork" name="TC05_ValidateEducation" time="0.014"/>
</testsuite> <!-- CreatedWork_Testcase_2 -->
