<?xml version="1.0" encoding="UTF-8"?>
<!-- Generated by org.testng.reporters.JUnitXMLReporter -->
<testsuite ignored="0" hostname="MSI" failures="0" tests="5" name="Login_Testcase_2" time="2.504" errors="0" timestamp="2023-05-23T20:43:41 ICT">
  <testcase classname="com.api.auto.testcase_cach_2.TC_API_Login" name="TC01_Validate200OK" time="0.017"/>
  <testcase classname="com.api.auto.testcase_cach_2.TC_API_Login" name="TC02_ValidateMessage" time="0.648"/>
  <testcase classname="com.api.auto.testcase_cach_2.TC_API_Login" name="TC03_ValidateToken" time="0.019"/>
  <testcase classname="com.api.auto.testcase_cach_2.TC_API_Login" name="TC04_ValidateUserType" time="0.015"/>
  <testcase classname="com.api.auto.testcase_cach_2.TC_API_Login" name="TC05_ValidateAccount" time="0.026"/>
</testsuite> <!-- Login_Testcase_2 -->
