<?xml version="1.0" encoding="UTF-8"?>
<!-- Generated by org.testng.reporters.JUnitXMLReporter -->
<testsuite ignored="0" hostname="MSI" failures="0" tests="10" name="Test" time="2.52" errors="0" timestamp="2023-05-23T18:38:52 ICT">
  <testcase classname="com.api.auto.testcase_cach_2.TC_API_Login" name="TC01_Validate200OK" time="0.012"/>
  <testcase classname="com.api.auto.testcase_cach_2.TC_API_Login" name="TC02_ValidateMessage" time="0.521"/>
  <testcase classname="com.api.auto.testcase_cach_2.TC_API_Login" name="TC03_ValidateToken" time="0.016"/>
  <testcase classname="com.api.auto.testcase_cach_2.TC_API_Login" name="TC04_ValidateUserType" time="0.014"/>
  <testcase classname="com.api.auto.testcase_cach_2.TC_API_Login" name="TC05_ValidateAccount" time="0.022"/>
  <testcase classname="com.api.auto.testcase_cach_2.TC_API_CreatedWork" name="TC01_Validate201Created" time="0.0"/>
  <testcase classname="com.api.auto.testcase_cach_2.TC_API_CreatedWork" name="TC02_ValidateId" time="0.001"/>
  <testcase classname="com.api.auto.testcase_cach_2.TC_API_CreatedWork" name="TC03_ValidateNameWork" time="0.012"/>
  <testcase classname="com.api.auto.testcase_cach_2.TC_API_CreatedWork" name="TC04_ValidateExperience" time="0.009"/>
  <testcase classname="com.api.auto.testcase_cach_2.TC_API_CreatedWork" name="TC05_ValidateEducation" time="0.01"/>
</testsuite> <!-- Test -->
