<?xml version="1.0" encoding="UTF-8"?>
<!-- Generated by org.testng.reporters.JUnitXMLReporter -->
<testsuite ignored="0" hostname="MSI" failures="0" tests="5" name="Created_Work_Testcase" time="0.159" errors="0" timestamp="2023-05-23T20:43:32 ICT">
  <testcase classname="com.api.auto.testcase.TC_API_CreatedWork" name="TC01_Validate201Created" time="0.0"/>
  <testcase classname="com.api.auto.testcase.TC_API_CreatedWork" name="TC02_ValidateId" time="0.001"/>
  <testcase classname="com.api.auto.testcase.TC_API_CreatedWork" name="TC03_ValidateNameWork" time="0.014"/>
  <testcase classname="com.api.auto.testcase.TC_API_CreatedWork" name="TC04_ValidateExperience" time="0.01"/>
  <testcase classname="com.api.auto.testcase.TC_API_CreatedWork" name="TC05_ValidateEducation" time="0.01"/>
</testsuite> <!-- Created_Work_Testcase -->
