<?xml version="1.0" encoding="UTF-8"?>
<!-- Generated by org.testng.reporters.JUnitXMLReporter -->
<testsuite ignored="0" hostname="MSI" failures="0" tests="5" name="Login_Testcase" time="2.918" errors="0" timestamp="2023-05-23T20:43:31 ICT">
  <testcase classname="com.api.auto.testcase.TC_API_Login" name="TC01_Validate200OK" time="0.012"/>
  <testcase classname="com.api.auto.testcase.TC_API_Login" name="TC02_ValidateMessage" time="0.722"/>
  <testcase classname="com.api.auto.testcase.TC_API_Login" name="TC03_ValidateToken" time="0.043"/>
  <testcase classname="com.api.auto.testcase.TC_API_Login" name="TC04_ValidateUserType" time="0.017"/>
  <testcase classname="com.api.auto.testcase.TC_API_Login" name="TC05_ValidateAccount" time="0.031"/>
</testsuite> <!-- Login_Testcase -->
