<?xml version="1.0" encoding="UTF-8"?>
<testsuite name="Login_Testcase_2"
           tests="5"
           failures="0"
           errors="0"
           skipped="0"
           time="0,725">
  <properties />
  
  
            <testcase name="TC03_ValidateToken" time="0,019" classname="com.api.auto.testcase_cach_2.TC_API_Login" />
                <testcase name="TC01_Validate200OK" time="0,017" classname="com.api.auto.testcase_cach_2.TC_API_Login" />
                <testcase name="TC04_ValidateUserType" time="0,015" classname="com.api.auto.testcase_cach_2.TC_API_Login" />
                <testcase name="TC02_ValidateMessage" time="0,648" classname="com.api.auto.testcase_cach_2.TC_API_Login" />
                <testcase name="TC05_ValidateAccount" time="0,026" classname="com.api.auto.testcase_cach_2.TC_API_Login" />
      
</testsuite>
