<?xml version="1.0" encoding="UTF-8"?>
<testsuite name="Login_Testcase"
           tests="5"
           failures="0"
           errors="0"
           skipped="0"
           time="0,825">
  <properties />
  
  
            <testcase name="TC01_Validate200OK" time="0,012" classname="com.api.auto.testcase.TC_API_Login" />
                <testcase name="TC03_ValidateToken" time="0,043" classname="com.api.auto.testcase.TC_API_Login" />
                <testcase name="TC02_ValidateMessage" time="0,722" classname="com.api.auto.testcase.TC_API_Login" />
                <testcase name="TC04_ValidateUserType" time="0,017" classname="com.api.auto.testcase.TC_API_Login" />
                <testcase name="TC05_ValidateAccount" time="0,031" classname="com.api.auto.testcase.TC_API_Login" />
      
</testsuite>
